Build started 26/09/2021 08:37:35.
     1>Project "F:\sem 1\speech processing\assignment\kmeans\kmeans\kmeans.vcxproj" on node 2 (build target(s)).
     1>InitializeBuildStatus:
         Creating "Debug\kmeans.unsuccessfulbuild" because "AlwaysCreate" was specified.
       ClCompile:
         All outputs are up-to-date.
         C:\Program Files (x86)\Microsoft Visual Studio 10.0\VC\bin\CL.exe /c /ZI /nologo /W3 /WX- /Od /Oy- /D WIN32 /D _DEBUG /D _CONSOLE /D _UNICODE /D UNICODE /Gm /EHsc /RTC1 /MDd /GS /fp:precise /Zc:wchar_t /Zc:forScope /Yu"StdAfx.h" /Fp"Debug\kmeans.pch" /Fo"Debug\\" /Fd"Debug\vc100.pdb" /Gd /TP /analyze- /errorReport:prompt kmeans.cpp
         kmeans.cpp
     1>f:\sem 1\speech processing\assignment\kmeans\kmeans\kmeans.cpp(18): warning C4996: 'fopen': This function or variable may be unsafe. Consider using fopen_s instead. To disable deprecation, use _CRT_SECURE_NO_WARNINGS. See online help for details.
                 c:\program files (x86)\microsoft visual studio 10.0\vc\include\stdio.h(234) : see declaration of 'fopen'
     1>f:\sem 1\speech processing\assignment\kmeans\kmeans\kmeans.cpp(26): warning C4996: 'fopen': This function or variable may be unsafe. Consider using fopen_s instead. To disable deprecation, use _CRT_SECURE_NO_WARNINGS. See online help for details.
                 c:\program files (x86)\microsoft visual studio 10.0\vc\include\stdio.h(234) : see declaration of 'fopen'
     1>f:\sem 1\speech processing\assignment\kmeans\kmeans\kmeans.cpp(37): warning C4996: 'fscanf': This function or variable may be unsafe. Consider using fscanf_s instead. To disable deprecation, use _CRT_SECURE_NO_WARNINGS. See online help for details.
                 c:\program files (x86)\microsoft visual studio 10.0\vc\include\stdio.h(253) : see declaration of 'fscanf'
     1>f:\sem 1\speech processing\assignment\kmeans\kmeans\kmeans.cpp(51): warning C4101: 'index' : unreferenced local variable
     1>f:\sem 1\speech processing\assignment\kmeans\kmeans\kmeans.cpp(268): warning C4996: 'fopen': This function or variable may be unsafe. Consider using fopen_s instead. To disable deprecation, use _CRT_SECURE_NO_WARNINGS. See online help for details.
                 c:\program files (x86)\microsoft visual studio 10.0\vc\include\stdio.h(234) : see declaration of 'fopen'
       ManifestResourceCompile:
         All outputs are up-to-date.
       Link:
         C:\Program Files (x86)\Microsoft Visual Studio 10.0\VC\bin\link.exe /ERRORREPORT:PROMPT /OUT:"F:\sem 1\speech processing\assignment\kmeans\Debug\kmeans.exe" /INCREMENTAL /NOLOGO kernel32.lib user32.lib gdi32.lib winspool.lib comdlg32.lib advapi32.lib shell32.lib ole32.lib oleaut32.lib uuid.lib odbc32.lib odbccp32.lib /MANIFEST /ManifestFile:"Debug\kmeans.exe.intermediate.manifest" /MANIFESTUAC:"level='asInvoker' uiAccess='false'" /DEBUG /PDB:"F:\sem 1\speech processing\assignment\kmeans\Debug\kmeans.pdb" /SUBSYSTEM:CONSOLE /TLBID:1 /DYNAMICBASE /NXCOMPAT /IMPLIB:"F:\sem 1\speech processing\assignment\kmeans\Debug\kmeans.lib" /MACHINE:X86 Debug\kmeans.exe.embed.manifest.res
         Debug\kmeans.obj
         Debug\stdafx.obj
       Manifest:
         C:\Program Files (x86)\Microsoft SDKs\Windows\v7.0A\bin\mt.exe /nologo /verbose /out:"Debug\kmeans.exe.embed.manifest" /manifest Debug\kmeans.exe.intermediate.manifest
         All outputs are up-to-date.
       LinkEmbedManifest:
         All outputs are up-to-date.
         kmeans.vcxproj -> F:\sem 1\speech processing\assignment\kmeans\Debug\kmeans.exe
       FinalizeBuildStatus:
         Deleting file "Debug\kmeans.unsuccessfulbuild".
         Touching "Debug\kmeans.lastbuildstate".
     1>Done Building Project "F:\sem 1\speech processing\assignment\kmeans\kmeans\kmeans.vcxproj" (build target(s)).

Build succeeded.

Time Elapsed 00:00:01.27
